<?xml version="1.0" encoding="UTF-8"?>
<!-- Generated by org.testng.reporters.JUnitReportReporter -->
<testsuite hostname="DESKTOP-4R95PB0" failures="0" tests="1" name="teestNG.Database" time="0.464" errors="0" timestamp="15 May 2021 12:58:52 GMT" skipped="0">
  <testcase classname="teestNG.Database" name="jdbcconnection" time="0.464"/>
</testsuite> <!-- teestNG.Database -->
