<?xml version="1.0" encoding="UTF-8"?>
<!-- Generated by org.testng.reporters.JUnitReportReporter -->
<testsuite hostname="DESKTOP-4R95PB0" failures="0" tests="4" name="teestNG.parameter" time="0.017" errors="0" timestamp="30 Apr 2021 18:08:47 GMT" skipped="0">
  <testcase classname="teestNG.parameter" name="verifyData1" time="0.002"/>
  <testcase classname="teestNG.parameter" name="show" time="0.002"/>
  <testcase classname="teestNG.parameter" name="show" time="0.010"/>
  <testcase classname="teestNG.parameter" name="verifyData1" time="0.003"/>
</testsuite> <!-- teestNG.parameter -->
