<?xml version="1.0" encoding="UTF-8"?>
<!-- Generated by org.testng.reporters.JUnitReportReporter -->
<testsuite hostname="DESKTOP-4R95PB0" failures="0" tests="3" name="teestNG.datadrivenwithmap" time="0.014" errors="0" timestamp="28 Apr 2021 08:32:18 GMT" skipped="0">
  <testcase classname="teestNG.datadrivenwithmap" name="signIn" time="0.011"/>
  <testcase classname="teestNG.datadrivenwithmap" name="OpenBrowser" time="0.001"/>
  <testcase classname="teestNG.datadrivenwithmap" name="LogOut" time="0.002"/>
</testsuite> <!-- teestNG.datadrivenwithmap -->
